INFO: [VRFC 10-2263] Analyzing Verilog file "/home/austin01/vivado/AXIChecker/AXIChecker.ip_user_files/bd/axi_checker/ipshared/40fd/rd_engine.v" into library xil_defaultlib
INFO: [VRFC 10-311] analyzing module rd_engine
INFO: [VRFC 10-2263] Analyzing Verilog file "/home/austin01/vivado/AXIChecker/AXIChecker.ip_user_files/bd/axi_checker/ipshared/40fd/wr_engine.v" into library xil_defaultlib
INFO: [VRFC 10-311] analyzing module wr_engine
INFO: [VRFC 10-2263] Analyzing Verilog file "/home/austin01/vivado/AXIChecker/AXIChecker.ip_user_files/bd/axi_checker/ipshared/40fd/axi_engine.v" into library xil_defaultlib
INFO: [VRFC 10-311] analyzing module axi_engine
INFO: [VRFC 10-2263] Analyzing Verilog file "/home/austin01/vivado/AXIChecker/AXIChecker.ip_user_files/bd/axi_checker/ip/axi_checker_AXI_Engine_0_2/sim/axi_checker_AXI_Engine_0_2.v" into library xil_defaultlib
INFO: [VRFC 10-311] analyzing module axi_checker_AXI_Engine_0_2
INFO: [VRFC 10-2263] Analyzing Verilog file "/home/austin01/vivado/AXIChecker/AXIChecker.ip_user_files/bd/axi_checker/ip/axi_checker_AXI_Engine_1_1/sim/axi_checker_AXI_Engine_1_1.v" into library xil_defaultlib
INFO: [VRFC 10-311] analyzing module axi_checker_AXI_Engine_1_1
INFO: [VRFC 10-2263] Analyzing Verilog file "/home/austin01/vivado/AXIChecker/AXIChecker.ip_user_files/bd/axi_checker/ip/axi_checker_blk_mem_gen_0_0/sim/axi_checker_blk_mem_gen_0_0.v" into library xil_defaultlib
INFO: [VRFC 10-311] analyzing module axi_checker_blk_mem_gen_0_0
INFO: [VRFC 10-2263] Analyzing Verilog file "/home/austin01/vivado/AXIChecker/AXIChecker.ip_user_files/bd/axi_checker/ip/axi_checker_fifo_generator_0_0/sim/axi_checker_fifo_generator_0_0.v" into library xil_defaultlib
INFO: [VRFC 10-311] analyzing module axi_checker_fifo_generator_0_0
INFO: [VRFC 10-2263] Analyzing Verilog file "/home/austin01/vivado/AXIChecker/AXIChecker.ip_user_files/bd/axi_checker/ip/axi_checker_fifo_generator_0_1/sim/axi_checker_fifo_generator_0_1.v" into library xil_defaultlib
INFO: [VRFC 10-311] analyzing module axi_checker_fifo_generator_0_1
INFO: [VRFC 10-2263] Analyzing Verilog file "/home/austin01/vivado/AXIChecker/AXIChecker.ip_user_files/bd/axi_checker/ip/axi_checker_fifo_generator_1_0/sim/axi_checker_fifo_generator_1_0.v" into library xil_defaultlib
INFO: [VRFC 10-311] analyzing module axi_checker_fifo_generator_1_0
INFO: [VRFC 10-2263] Analyzing Verilog file "/home/austin01/vivado/AXIChecker/AXIChecker.ip_user_files/bd/axi_checker/ip/axi_checker_fifo_generator_0_2/sim/axi_checker_fifo_generator_0_2.v" into library xil_defaultlib
INFO: [VRFC 10-311] analyzing module axi_checker_fifo_generator_0_2
INFO: [VRFC 10-2263] Analyzing Verilog file "/home/austin01/vivado/AXIChecker/AXIChecker.ip_user_files/bd/axi_checker/sim/axi_checker.v" into library xil_defaultlib
INFO: [VRFC 10-311] analyzing module axi_checker
INFO: [VRFC 10-2263] Analyzing Verilog file "/home/austin01/vivado/AXIChecker/AXIChecker.srcs/sources_1/imports/MGU.v" into library xil_defaultlib
INFO: [VRFC 10-311] analyzing module MGU
INFO: [VRFC 10-2263] Analyzing Verilog file "/home/austin01/vivado/AXIChecker/AXIChecker.srcs/sources_1/new/MPU.v" into library xil_defaultlib
INFO: [VRFC 10-311] analyzing module MPU
INFO: [VRFC 10-311] analyzing module ReductionEngine
INFO: [VRFC 10-2263] Analyzing Verilog file "/home/austin01/vivado/AXIChecker/AXIChecker.srcs/sources_1/imports/VMU.v" into library xil_defaultlib
INFO: [VRFC 10-311] analyzing module VMU
INFO: [VRFC 10-2263] Analyzing Verilog file "/home/austin01/vivado/AXIChecker/AXIChecker.gen/sources_1/bd/axi_checker/hdl/axi_checker_wrapper.v" into library xil_defaultlib
INFO: [VRFC 10-311] analyzing module axi_checker_wrapper
INFO: [VRFC 10-2263] Analyzing SystemVerilog file "/home/austin01/vivado/AXIChecker/AXIChecker.srcs/sources_1/new/tb_top.sv" into library xil_defaultlib
INFO: [VRFC 10-311] analyzing module tb_top
