Copyright 1986-2022 Xilinx, Inc. All Rights Reserved.
------------------------------------------------------------------------------------
| Tool Version : Vivado v.2022.1 (lin64) Build 3526262 Mon Apr 18 15:47:01 MDT 2022
| Date         : Wed Nov  8 14:19:34 2023
| Host         : crystal running 64-bit Ubuntu 20.04.6 LTS
| Command      : upgrade_ip
| Device       : xcu280-fsvh2892-2L-e
------------------------------------------------------------------------------------

Upgrade Log for IP 'axi_checker_axi_engine_0_1'

1. Summary
----------

SUCCESS in the upgrade of axi_checker_axi_engine_0_1 (user.org:user:axi_engine:1.0) from (Rev. 14) to (Rev. 15)






Copyright 1986-2022 Xilinx, Inc. All Rights Reserved.
------------------------------------------------------------------------------------
| Tool Version : Vivado v.2022.1 (lin64) Build 3526262 Mon Apr 18 15:47:01 MDT 2022
| Date         : Wed Nov  8 14:19:34 2023
| Host         : crystal running 64-bit Ubuntu 20.04.6 LTS
| Command      : upgrade_ip
| Device       : xcu280-fsvh2892-2L-e
------------------------------------------------------------------------------------

Upgrade Log for IP 'axi_checker_axi_engine_0_0'

1. Summary
----------

SUCCESS in the upgrade of axi_checker_axi_engine_0_0 (user.org:user:axi_engine:1.0) from (Rev. 14) to (Rev. 15)






Copyright 1986-2022 Xilinx, Inc. All Rights Reserved.
------------------------------------------------------------------------------------
| Tool Version : Vivado v.2022.1 (lin64) Build 3526262 Mon Apr 18 15:47:01 MDT 2022
| Date         : Thu Oct 26 14:03:46 2023
| Host         : crystal running 64-bit Ubuntu 20.04.6 LTS
| Command      : upgrade_ip
| Device       : xcu280-fsvh2892-2L-e
------------------------------------------------------------------------------------

Upgrade Log for IP 'axi_checker_axi_engine_0_1'

1. Summary
----------

SUCCESS in the upgrade of axi_checker_axi_engine_0_1 (user.org:user:axi_engine:1.0) from (Rev. 13) to (Rev. 14)






Copyright 1986-2022 Xilinx, Inc. All Rights Reserved.
------------------------------------------------------------------------------------
| Tool Version : Vivado v.2022.1 (lin64) Build 3526262 Mon Apr 18 15:47:01 MDT 2022
| Date         : Thu Oct 26 14:03:46 2023
| Host         : crystal running 64-bit Ubuntu 20.04.6 LTS
| Command      : upgrade_ip
| Device       : xcu280-fsvh2892-2L-e
------------------------------------------------------------------------------------

Upgrade Log for IP 'axi_checker_axi_engine_0_0'

1. Summary
----------

SUCCESS in the upgrade of axi_checker_axi_engine_0_0 (user.org:user:axi_engine:1.0) from (Rev. 13) to (Rev. 14)






Copyright 1986-2022 Xilinx, Inc. All Rights Reserved.
------------------------------------------------------------------------------------
| Tool Version : Vivado v.2022.1 (lin64) Build 3526262 Mon Apr 18 15:47:01 MDT 2022
| Date         : Thu Oct 26 13:58:21 2023
| Host         : crystal running 64-bit Ubuntu 20.04.6 LTS
| Command      : upgrade_ip
| Device       : xcu280-fsvh2892-2L-e
------------------------------------------------------------------------------------

Upgrade Log for IP 'axi_checker_axi_engine_0_1'

1. Summary
----------

CAUTION (success, with warnings) in the upgrade of axi_checker_axi_engine_0_1 (user.org:user:axi_engine:1.0) from (Rev. 11) to (Rev. 13)

After upgrade, an IP may have parameter differences compared to the original customization. Please review the parameters within the IP customization GUI to ensure proper functionality.

2. Customization warnings
-------------------------

Parameter 'PARAMS_BITS' is no longer present on the upgraded IP 'axi_checker_axi_engine_0_1', and cannot be set to '256'


3. Debug Commands
-----------------

  The following debug information can be passed to Vivado as Tcl commands,
in order to validate or debug the output of the upgrade flow.
  You may consult any warnings from within this upgrade, and alter or remove
the configuration parameter(s) which caused the warning; then execute the Tcl
commands, and use the IP Customization GUI to verify the IP configuration.

create_ip -vlnv user.org:user:axi_engine:1.0 -user_name axi_checker_axi_engine_0_1
set_property -dict "\
  CONFIG.ADDR_WIDTH {33} \
  CONFIG.Component_Name {axi_checker_axi_engine_0_1} \
  CONFIG.DATA_WIDTH {256} \
  CONFIG.ENGINE_ID {0} \
  CONFIG.ID_WIDTH {6} \
  CONFIG.LEN_WIDTH {8} \
  CONFIG.clk.ASSOCIATED_BUSIF {m_axi} \
  CONFIG.clk.ASSOCIATED_PORT {} \
  CONFIG.clk.ASSOCIATED_RESET {resetn} \
  CONFIG.clk.CLK_DOMAIN {axi_checker_clk_100MHz} \
  CONFIG.clk.FREQ_HZ {100000000} \
  CONFIG.clk.FREQ_TOLERANCE_HZ {0} \
  CONFIG.clk.INSERT_VIP {0} \
  CONFIG.clk.PHASE {0.0} \
  CONFIG.m_axi.ADDR_WIDTH {33} \
  CONFIG.m_axi.ARUSER_WIDTH {0} \
  CONFIG.m_axi.AWUSER_WIDTH {0} \
  CONFIG.m_axi.BUSER_WIDTH {0} \
  CONFIG.m_axi.CLK_DOMAIN {axi_checker_clk_100MHz} \
  CONFIG.m_axi.DATA_WIDTH {256} \
  CONFIG.m_axi.FREQ_HZ {100000000} \
  CONFIG.m_axi.HAS_BRESP {1} \
  CONFIG.m_axi.HAS_BURST {1} \
  CONFIG.m_axi.HAS_CACHE {1} \
  CONFIG.m_axi.HAS_LOCK {1} \
  CONFIG.m_axi.HAS_PROT {1} \
  CONFIG.m_axi.HAS_QOS {1} \
  CONFIG.m_axi.HAS_REGION {1} \
  CONFIG.m_axi.HAS_RRESP {1} \
  CONFIG.m_axi.HAS_WSTRB {1} \
  CONFIG.m_axi.ID_WIDTH {6} \
  CONFIG.m_axi.INSERT_VIP {0} \
  CONFIG.m_axi.MAX_BURST_LENGTH {256} \
  CONFIG.m_axi.NUM_READ_OUTSTANDING {2} \
  CONFIG.m_axi.NUM_READ_THREADS {1} \
  CONFIG.m_axi.NUM_WRITE_OUTSTANDING {2} \
  CONFIG.m_axi.NUM_WRITE_THREADS {1} \
  CONFIG.m_axi.PHASE {0.0} \
  CONFIG.m_axi.PROTOCOL {AXI4} \
  CONFIG.m_axi.READ_WRITE_MODE {READ_WRITE} \
  CONFIG.m_axi.RUSER_BITS_PER_BYTE {0} \
  CONFIG.m_axi.RUSER_WIDTH {0} \
  CONFIG.m_axi.SUPPORTS_NARROW_BURST {1} \
  CONFIG.m_axi.WUSER_BITS_PER_BYTE {0} \
  CONFIG.m_axi.WUSER_WIDTH {0} \
  CONFIG.resetn.INSERT_VIP {0} \
  CONFIG.resetn.POLARITY {ACTIVE_LOW} " [get_ips axi_checker_axi_engine_0_1]







Copyright 1986-2022 Xilinx, Inc. All Rights Reserved.
------------------------------------------------------------------------------------
| Tool Version : Vivado v.2022.1 (lin64) Build 3526262 Mon Apr 18 15:47:01 MDT 2022
| Date         : Thu Oct 26 13:58:21 2023
| Host         : crystal running 64-bit Ubuntu 20.04.6 LTS
| Command      : upgrade_ip
| Device       : xcu280-fsvh2892-2L-e
------------------------------------------------------------------------------------

Upgrade Log for IP 'axi_checker_axi_engine_0_0'

1. Summary
----------

CAUTION (success, with warnings) in the upgrade of axi_checker_axi_engine_0_0 (user.org:user:axi_engine:1.0) from (Rev. 11) to (Rev. 13)

After upgrade, an IP may have parameter differences compared to the original customization. Please review the parameters within the IP customization GUI to ensure proper functionality.

2. Customization warnings
-------------------------

Parameter 'PARAMS_BITS' is no longer present on the upgraded IP 'axi_checker_axi_engine_0_0', and cannot be set to '256'


3. Debug Commands
-----------------

  The following debug information can be passed to Vivado as Tcl commands,
in order to validate or debug the output of the upgrade flow.
  You may consult any warnings from within this upgrade, and alter or remove
the configuration parameter(s) which caused the warning; then execute the Tcl
commands, and use the IP Customization GUI to verify the IP configuration.

create_ip -vlnv user.org:user:axi_engine:1.0 -user_name axi_checker_axi_engine_0_0
set_property -dict "\
  CONFIG.ADDR_WIDTH {33} \
  CONFIG.Component_Name {axi_checker_axi_engine_0_0} \
  CONFIG.DATA_WIDTH {256} \
  CONFIG.ENGINE_ID {0} \
  CONFIG.ID_WIDTH {6} \
  CONFIG.LEN_WIDTH {8} \
  CONFIG.clk.ASSOCIATED_BUSIF {m_axi} \
  CONFIG.clk.ASSOCIATED_PORT {} \
  CONFIG.clk.ASSOCIATED_RESET {resetn} \
  CONFIG.clk.CLK_DOMAIN {axi_checker_clk_100MHz} \
  CONFIG.clk.FREQ_HZ {100000000} \
  CONFIG.clk.FREQ_TOLERANCE_HZ {0} \
  CONFIG.clk.INSERT_VIP {0} \
  CONFIG.clk.PHASE {0.0} \
  CONFIG.m_axi.ADDR_WIDTH {33} \
  CONFIG.m_axi.ARUSER_WIDTH {0} \
  CONFIG.m_axi.AWUSER_WIDTH {0} \
  CONFIG.m_axi.BUSER_WIDTH {0} \
  CONFIG.m_axi.CLK_DOMAIN {axi_checker_clk_100MHz} \
  CONFIG.m_axi.DATA_WIDTH {256} \
  CONFIG.m_axi.FREQ_HZ {100000000} \
  CONFIG.m_axi.HAS_BRESP {1} \
  CONFIG.m_axi.HAS_BURST {1} \
  CONFIG.m_axi.HAS_CACHE {1} \
  CONFIG.m_axi.HAS_LOCK {1} \
  CONFIG.m_axi.HAS_PROT {1} \
  CONFIG.m_axi.HAS_QOS {1} \
  CONFIG.m_axi.HAS_REGION {1} \
  CONFIG.m_axi.HAS_RRESP {1} \
  CONFIG.m_axi.HAS_WSTRB {1} \
  CONFIG.m_axi.ID_WIDTH {6} \
  CONFIG.m_axi.INSERT_VIP {0} \
  CONFIG.m_axi.MAX_BURST_LENGTH {256} \
  CONFIG.m_axi.NUM_READ_OUTSTANDING {2} \
  CONFIG.m_axi.NUM_READ_THREADS {1} \
  CONFIG.m_axi.NUM_WRITE_OUTSTANDING {2} \
  CONFIG.m_axi.NUM_WRITE_THREADS {1} \
  CONFIG.m_axi.PHASE {0.0} \
  CONFIG.m_axi.PROTOCOL {AXI4} \
  CONFIG.m_axi.READ_WRITE_MODE {READ_WRITE} \
  CONFIG.m_axi.RUSER_BITS_PER_BYTE {0} \
  CONFIG.m_axi.RUSER_WIDTH {0} \
  CONFIG.m_axi.SUPPORTS_NARROW_BURST {1} \
  CONFIG.m_axi.WUSER_BITS_PER_BYTE {0} \
  CONFIG.m_axi.WUSER_WIDTH {0} \
  CONFIG.resetn.INSERT_VIP {0} \
  CONFIG.resetn.POLARITY {ACTIVE_LOW} " [get_ips axi_checker_axi_engine_0_0]







Copyright 1986-2022 Xilinx, Inc. All Rights Reserved.
------------------------------------------------------------------------------------
| Tool Version : Vivado v.2022.1 (lin64) Build 3526262 Mon Apr 18 15:47:01 MDT 2022
| Date         : Thu Oct 26 13:39:58 2023
| Host         : crystal running 64-bit Ubuntu 20.04.6 LTS
| Command      : upgrade_ip
| Device       : xcu280-fsvh2892-2L-e
------------------------------------------------------------------------------------

Upgrade Log for IP 'axi_checker_axi_engine_0_1'

1. Summary
----------

SUCCESS in the conversion of axi_checker_axi_engine_0_1 (user.org:user:axi_engine:1.0 (Rev. 11)) to Vivado generation flows.






Copyright 1986-2022 Xilinx, Inc. All Rights Reserved.
------------------------------------------------------------------------------------
| Tool Version : Vivado v.2022.1 (lin64) Build 3526262 Mon Apr 18 15:47:01 MDT 2022
| Date         : Thu Oct 26 13:39:58 2023
| Host         : crystal running 64-bit Ubuntu 20.04.6 LTS
| Command      : upgrade_ip
| Device       : xcu280-fsvh2892-2L-e
------------------------------------------------------------------------------------

Upgrade Log for IP 'axi_checker_axi_engine_0_0'

1. Summary
----------

SUCCESS in the conversion of axi_checker_axi_engine_0_0 (user.org:user:axi_engine:1.0 (Rev. 11)) to Vivado generation flows.






Copyright 1986-2022 Xilinx, Inc. All Rights Reserved.
------------------------------------------------------------------------------------
| Tool Version : Vivado v.2022.1 (lin64) Build 3526262 Mon Apr 18 15:47:01 MDT 2022
| Date         : Wed Oct 25 13:14:52 2023
| Host         : crystal running 64-bit Ubuntu 20.04.6 LTS
| Command      : upgrade_ip
| Device       : xcu280-fsvh2892-2L-e
------------------------------------------------------------------------------------

Upgrade Log for IP 'axi_checker_axi_engine_0_0'

1. Summary
----------

SUCCESS in the upgrade of axi_checker_axi_engine_0_0 (user.org:user:axi_engine:1.0) from (Rev. 10) to (Rev. 11)






Copyright 1986-2022 Xilinx, Inc. All Rights Reserved.
------------------------------------------------------------------------------------
| Tool Version : Vivado v.2022.1 (lin64) Build 3526262 Mon Apr 18 15:47:01 MDT 2022
| Date         : Wed Oct 25 13:12:35 2023
| Host         : crystal running 64-bit Ubuntu 20.04.6 LTS
| Command      : upgrade_ip
| Device       : xcu280-fsvh2892-2L-e
------------------------------------------------------------------------------------

Upgrade Log for IP 'axi_checker_axi_engine_0_0'

1. Summary
----------

SUCCESS in the conversion of axi_checker_axi_engine_0_0 (user.org:user:axi_engine:1.0 (Rev. 10)) to Vivado generation flows.






Copyright 1986-2022 Xilinx, Inc. All Rights Reserved.
------------------------------------------------------------------------------------
| Tool Version : Vivado v.2022.1 (lin64) Build 3526262 Mon Apr 18 15:47:01 MDT 2022
| Date         : Tue Oct 24 15:33:14 2023
| Host         : crystal running 64-bit Ubuntu 20.04.6 LTS
| Command      : upgrade_ip
| Device       : xcu280-fsvh2892-2L-e
------------------------------------------------------------------------------------

Upgrade Log for IP 'axi_checker_axi_engine_0_0'

1. Summary
----------

SUCCESS in the upgrade of axi_checker_axi_engine_0_0 (user.org:user:axi_engine:1.0) from (Rev. 9) to (Rev. 10)






Copyright 1986-2022 Xilinx, Inc. All Rights Reserved.
------------------------------------------------------------------------------------
| Tool Version : Vivado v.2022.1 (lin64) Build 3526262 Mon Apr 18 15:47:01 MDT 2022
| Date         : Tue Oct 24 15:29:35 2023
| Host         : crystal running 64-bit Ubuntu 20.04.6 LTS
| Command      : upgrade_ip
| Device       : xcu280-fsvh2892-2L-e
------------------------------------------------------------------------------------

Upgrade Log for IP 'axi_checker_axi_engine_0_0'

1. Summary
----------

SUCCESS in the upgrade of axi_checker_axi_engine_0_0 (user.org:user:axi_engine:1.0) from (Rev. 8) to (Rev. 9)






Copyright 1986-2022 Xilinx, Inc. All Rights Reserved.
------------------------------------------------------------------------------------
| Tool Version : Vivado v.2022.1 (lin64) Build 3526262 Mon Apr 18 15:47:01 MDT 2022
| Date         : Tue Oct 24 15:25:24 2023
| Host         : crystal running 64-bit Ubuntu 20.04.6 LTS
| Command      : upgrade_ip
| Device       : xcu280-fsvh2892-2L-e
------------------------------------------------------------------------------------

Upgrade Log for IP 'axi_checker_axi_engine_0_0'

1. Summary
----------

SUCCESS in the upgrade of axi_checker_axi_engine_0_0 (user.org:user:axi_engine:1.0) from (Rev. 7) to (Rev. 8)






Copyright 1986-2022 Xilinx, Inc. All Rights Reserved.
------------------------------------------------------------------------------------
| Tool Version : Vivado v.2022.1 (lin64) Build 3526262 Mon Apr 18 15:47:01 MDT 2022
| Date         : Tue Oct 24 15:17:26 2023
| Host         : crystal running 64-bit Ubuntu 20.04.6 LTS
| Command      : upgrade_ip
| Device       : xcu280-fsvh2892-2L-e
------------------------------------------------------------------------------------

Upgrade Log for IP 'axi_checker_axi_engine_0_0'

1. Summary
----------

SUCCESS in the upgrade of axi_checker_axi_engine_0_0 (user.org:user:axi_engine:1.0) from (Rev. 6) to (Rev. 7)






Copyright 1986-2022 Xilinx, Inc. All Rights Reserved.
------------------------------------------------------------------------------------
| Tool Version : Vivado v.2022.1 (lin64) Build 3526262 Mon Apr 18 15:47:01 MDT 2022
| Date         : Tue Oct 24 15:13:01 2023
| Host         : crystal running 64-bit Ubuntu 20.04.6 LTS
| Command      : upgrade_ip
| Device       : xcu280-fsvh2892-2L-e
------------------------------------------------------------------------------------

Upgrade Log for IP 'axi_checker_axi_engine_0_0'

1. Summary
----------

SUCCESS in the upgrade of axi_checker_axi_engine_0_0 (user.org:user:axi_engine:1.0) from (Rev. 5) to (Rev. 6)






Copyright 1986-2022 Xilinx, Inc. All Rights Reserved.
------------------------------------------------------------------------------------
| Tool Version : Vivado v.2022.1 (lin64) Build 3526262 Mon Apr 18 15:47:01 MDT 2022
| Date         : Tue Oct 24 15:01:06 2023
| Host         : crystal running 64-bit Ubuntu 20.04.6 LTS
| Command      : upgrade_ip
| Device       : xcu280-fsvh2892-2L-e
------------------------------------------------------------------------------------

Upgrade Log for IP 'axi_checker_axi_engine_0_0'

1. Summary
----------

SUCCESS in the upgrade of axi_checker_axi_engine_0_0 (user.org:user:axi_engine:1.0) from (Rev. 4) to (Rev. 5)

